<?xml version="1.0" encoding="UTF-8"?>
<!-- Generated by org.testng.reporters.JUnitXMLReporter -->
<testsuite ignored="0" hostname="DESKTOP-98UN13M" failures="1" tests="3" name="Suite1" time="14.342" errors="0" timestamp="2021-06-15T12:20:57 IST">
  <testcase classname="testNG_TestScripts.MultiBrowserTest" name="testmultipleBrowser" time="0.0">
    <failure type="org.testng.TestNGException" message="
Parameter &amp;apos;browser&amp;apos; is required by @Test on method testmultipleBrowser but has not been marked @Optional or defined
in C:\Users\vinay\eclipse-workspace\testNG_Automation_testing\testng.xml">
      <![CDATA[org.testng.TestNGException: 
Parameter 'browser' is required by @Test on method testmultipleBrowser but has not been marked @Optional or defined
in C:\Users\vinay\eclipse-workspace\testNG_Automation_testing\testng.xml
at java.base/java.util.concurrent.ThreadPoolExecutor.runWorker(ThreadPoolExecutor.java:1130)
at java.base/java.util.concurrent.ThreadPoolExecutor$Worker.run(ThreadPoolExecutor.java:630)
at java.base/java.lang.Thread.run(Thread.java:832)
... Removed 11 stack frames]]>
    </failure>
  </testcase> <!-- testmultipleBrowser -->
  <testcase classname="testNG_TestScripts.Test001" name="googletest1" time="4.842"/>
  <testcase classname="testNG_TestScripts.Test001" name="googletest" time="4.844"/>
</testsuite> <!-- Suite1 -->
