<?xml version="1.0" encoding="UTF-8"?>
<!-- Generated by org.testng.reporters.JUnitReportReporter -->
<testsuite hostname="DESKTOP-98UN13M" failures="0" tests="4" name="testNG_TestScripts.MultiBrowserTest" time="0.009" errors="1" timestamp="2021-06-15T12:20:57 IST" skipped="0">
  <testcase classname="testNG_TestScripts.MultiBrowserTest" name="testmultipleBrowser" time="0.000">
    <error message="
Parameter &#039;browser&#039; is required by @Test on method testmultipleBrowser but has not been marked @Optional or defined
in C:\Users\vinay\eclipse-workspace\testNG_Automation_testing\testng.xml" type="org.testng.TestNGException">
      <![CDATA[org.testng.TestNGException: 
Parameter 'browser' is required by @Test on method testmultipleBrowser but has not been marked @Optional or defined
in C:\Users\vinay\eclipse-workspace\testNG_Automation_testing\testng.xml
at org.testng.internal.Parameters.createParams(Parameters.java:270)
at org.testng.internal.Parameters.createParametersForMethod(Parameters.java:358)
at org.testng.internal.Parameters.createParameters(Parameters.java:700)
at org.testng.internal.Parameters.handleParameters(Parameters.java:884)
at org.testng.internal.Parameters.handleParameters(Parameters.java:740)
at org.testng.internal.ParameterHandler.handleParameters(ParameterHandler.java:59)
at org.testng.internal.ParameterHandler.createParameters(ParameterHandler.java:38)
at org.testng.internal.TestInvoker$MethodInvocationAgent.invoke(TestInvoker.java:791)
at org.testng.internal.TestInvoker.invokeTestMethods(TestInvoker.java:146)
at org.testng.internal.TestMethodWorker.invokeTestMethods(TestMethodWorker.java:146)
at org.testng.internal.TestMethodWorker.run(TestMethodWorker.java:128)
at java.base/java.util.concurrent.ThreadPoolExecutor.runWorker(ThreadPoolExecutor.java:1130)
at java.base/java.util.concurrent.ThreadPoolExecutor$Worker.run(ThreadPoolExecutor.java:630)
at java.base/java.lang.Thread.run(Thread.java:832)
]]>
    </error>
  </testcase> <!-- testmultipleBrowser -->
  <system-out/>
  <testcase classname="testNG_TestScripts.MultiBrowserTest" name="testmultipleBrowser" time="0.003"/>
  <system-out/>
  <testcase classname="testNG_TestScripts.MultiBrowserTest" name="testmultipleBrowser" time="0.004"/>
  <system-out/>
  <testcase classname="testNG_TestScripts.MultiBrowserTest" name="testmultipleBrowser" time="0.002"/>
  <system-out/>
</testsuite> <!-- testNG_TestScripts.MultiBrowserTest -->
